2017-10-23 19:26:51,327 INFO  [Log] **************************************************************************************** 
2017-10-23 19:26:51,327 INFO  [Log] **************************************************************************************** 
2017-10-23 19:26:51,331 INFO  [Log] $$$$$$$$$$$$$$$$$$$$$                 Login_01       $$$$$$$$$$$$$$$$$$$$$$$$$ 
2017-10-23 19:26:51,331 INFO  [Log] **************************************************************************************** 
2017-10-23 19:26:51,331 INFO  [Log] **************************************************************************************** 
2017-10-23 19:26:51,339 INFO  [Log] Opening Browser 
2017-10-23 19:26:51,340 INFO  [Log] Opening Chrome Browser 
2017-10-23 19:26:51,588 ERROR [Log] Not able to open Browser --- The driver executable does not exist: C:\Drivers\chromedriver.exe 
2017-10-23 19:27:44,611 INFO  [Log] **************************************************************************************** 
2017-10-23 19:27:44,611 INFO  [Log] **************************************************************************************** 
2017-10-23 19:27:44,611 INFO  [Log] $$$$$$$$$$$$$$$$$$$$$                 Login_01       $$$$$$$$$$$$$$$$$$$$$$$$$ 
2017-10-23 19:27:44,611 INFO  [Log] **************************************************************************************** 
2017-10-23 19:27:44,611 INFO  [Log] **************************************************************************************** 
2017-10-23 19:27:44,619 INFO  [Log] Opening Browser 
2017-10-23 19:27:44,619 INFO  [Log] Opening Chrome Browser 
2017-10-23 19:27:47,962 INFO  [Log] Navigating to SecondIns 
2017-10-23 19:27:51,046 INFO  [Log] Clicking on Webelement login_header 
2017-10-23 19:27:51,467 INFO  [Log] Entering the text login_input 
2017-10-23 19:27:51,758 INFO  [Log] Entering the text login_password 
2017-10-23 19:27:51,964 INFO  [Log] Clicking on Webelement login_submit 
2017-10-23 19:27:52,709 INFO  [Log] Waiting for the next element to load 
2017-10-23 19:27:54,765 INFO  [Log] Closing the browser 
2017-10-23 19:27:55,149 INFO  [Log] XXXXXXXXXXXXXXXXXXXXXXX             -E---N---D-             XXXXXXXXXXXXXXXXXXXXXX 
2017-10-23 19:27:55,149 INFO  [Log] X 
2017-10-23 19:27:55,149 INFO  [Log] X 
2017-10-23 19:27:55,149 INFO  [Log] X 
2017-10-23 19:27:55,149 INFO  [Log] X 
2017-10-23 19:28:59,803 INFO  [Log] **************************************************************************************** 
2017-10-23 19:28:59,803 INFO  [Log] **************************************************************************************** 
2017-10-23 19:28:59,803 INFO  [Log] $$$$$$$$$$$$$$$$$$$$$                 Login_01       $$$$$$$$$$$$$$$$$$$$$$$$$ 
2017-10-23 19:28:59,803 INFO  [Log] **************************************************************************************** 
2017-10-23 19:28:59,803 INFO  [Log] **************************************************************************************** 
2017-10-23 19:28:59,817 INFO  [Log] Opening Browser 
2017-10-23 19:28:59,817 INFO  [Log] Opening Chrome Browser 
2017-10-23 19:29:02,627 INFO  [Log] Navigating to SecondIns 
2017-10-23 19:29:05,583 INFO  [Log] Clicking on Webelement login_header 
2017-10-23 19:29:06,076 INFO  [Log] Entering the text login_input 
2017-10-23 19:29:06,387 INFO  [Log] Entering the text login_password 
2017-10-23 19:29:06,579 INFO  [Log] Clicking on Webelement login_submit 
2017-10-23 19:29:07,168 INFO  [Log] Waiting for the next element to load 
2017-10-23 19:29:09,287 INFO  [Log] Closing the browser 
2017-10-23 19:29:11,340 ERROR [Log] Unable to Close the Browser --- chrome not reachable
  (Session info: chrome=61.0.3163.100)
  (Driver info: chromedriver=2.33.506120 (e3e53437346286c0bc2d2dc9aa4915ba81d9023f),platform=Windows NT 10.0.15063 x86_64) (WARNING: The server did not provide any stacktrace information)
Command duration or timeout: 0 milliseconds
Build info: version: '3.6.0', revision: '6fbf3ec767', time: '2017-09-27T16:15:26.402Z'
System info: host: 'LAPTOP-642E0L52', ip: '10.12.20.21', os.name: 'Windows 10', os.arch: 'amd64', os.version: '10.0', java.version: '1.8.0_144'
Driver info: org.openqa.selenium.chrome.ChromeDriver
Capabilities [{mobileEmulationEnabled=false, hasTouchScreen=false, platform=XP, acceptSslCerts=true, webStorageEnabled=true, browserName=chrome, takesScreenshot=true, javascriptEnabled=true, platformName=XP, setWindowRect=true, unexpectedAlertBehaviour=, applicationCacheEnabled=false, rotatable=false, networkConnectionEnabled=false, chrome={chromedriverVersion=2.33.506120 (e3e53437346286c0bc2d2dc9aa4915ba81d9023f), userDataDir=C:\Users\SanKp\AppData\Local\Temp\scoped_dir17192_12360}, takesHeapSnapshot=true, pageLoadStrategy=normal, unhandledPromptBehavior=, databaseEnabled=false, handlesAlerts=true, version=61.0.3163.100, browserConnectionEnabled=false, nativeEvents=true, locationContextEnabled=true, cssSelectorsEnabled=true}]
Session ID: 52829436348b79d9070ae8e1a380b4cf 
2017-10-23 19:33:10,240 INFO  [Log] **************************************************************************************** 
2017-10-23 19:33:10,240 INFO  [Log] **************************************************************************************** 
2017-10-23 19:33:10,240 INFO  [Log] $$$$$$$$$$$$$$$$$$$$$                 Business Registration_01       $$$$$$$$$$$$$$$$$$$$$$$$$ 
2017-10-23 19:33:10,240 INFO  [Log] **************************************************************************************** 
2017-10-23 19:33:10,240 INFO  [Log] **************************************************************************************** 
2017-10-23 19:33:10,248 INFO  [Log] Opening Browser 
2017-10-23 19:33:10,248 INFO  [Log] Opening Chrome Browser 
2017-10-23 19:33:13,241 INFO  [Log] Navigating to SecondIns 
2017-10-23 19:33:15,856 INFO  [Log] Clicking on Webelement registration_header 
2017-10-23 19:33:16,539 INFO  [Log] Entering the text fNameReg_input 
2017-10-23 19:33:16,775 INFO  [Log] Entering the text lNameReg_input 
2017-10-23 19:33:17,005 INFO  [Log] Entering the text eMailReg_input 
2017-10-23 19:33:17,267 INFO  [Log] Entering the text passwordReg_input 
2017-10-23 19:33:17,479 INFO  [Log] Entering the text confirmPwReg_input 
2017-10-23 19:33:17,675 INFO  [Log] Entering the text orgNameReg_input 
2017-10-23 19:33:17,908 INFO  [Log] Selecting DropDown orgtype_dropdown 
2017-10-23 19:33:18,087 INFO  [Log] Entering the text address1reg_input 
2017-10-23 19:33:18,348 INFO  [Log] Entering the text address2reg_input 
2017-10-23 19:33:18,522 INFO  [Log] Entering the text cityReg_input 
2017-10-23 19:33:18,699 INFO  [Log] Selecting DropDown stateReg_dropdown 
2017-10-23 19:33:18,858 INFO  [Log] Entering the text zipcode_input 
2017-10-23 19:33:19,034 INFO  [Log] Entering the text phNoReg_input 
2017-10-23 19:33:19,251 INFO  [Log] Clicking on Webelement register_button 
2017-10-23 19:33:20,133 INFO  [Log] Selecting DropDown secQue01_dropdown 
2017-10-23 19:33:20,306 INFO  [Log] Waiting for the next element to load 
2017-10-23 19:33:20,402 INFO  [Log] Entering the text secAns01_dropdown 
2017-10-23 19:33:20,626 INFO  [Log] Selecting DropDown secQue02_dropdown 
2017-10-23 19:33:58,903 ERROR [Log] Unable to Select Dopdown Text --- stale element reference: element is not attached to the page document
  (Session info: chrome=61.0.3163.100)
  (Driver info: chromedriver=2.33.506120 (e3e53437346286c0bc2d2dc9aa4915ba81d9023f),platform=Windows NT 10.0.15063 x86_64) (WARNING: The server did not provide any stacktrace information)
Command duration or timeout: 0 milliseconds
For documentation on this error, please visit: http://seleniumhq.org/exceptions/stale_element_reference.html
Build info: version: '3.6.0', revision: '6fbf3ec767', time: '2017-09-27T16:15:26.402Z'
System info: host: 'LAPTOP-642E0L52', ip: '10.12.20.21', os.name: 'Windows 10', os.arch: 'amd64', os.version: '10.0', java.version: '1.8.0_144'
Driver info: org.openqa.selenium.chrome.ChromeDriver
Capabilities [{mobileEmulationEnabled=false, hasTouchScreen=false, platform=XP, acceptSslCerts=true, webStorageEnabled=true, browserName=chrome, takesScreenshot=true, javascriptEnabled=true, platformName=XP, setWindowRect=true, unexpectedAlertBehaviour=, applicationCacheEnabled=false, rotatable=false, networkConnectionEnabled=false, chrome={chromedriverVersion=2.33.506120 (e3e53437346286c0bc2d2dc9aa4915ba81d9023f), userDataDir=C:\Users\SanKp\AppData\Local\Temp\scoped_dir16980_2564}, takesHeapSnapshot=true, pageLoadStrategy=normal, unhandledPromptBehavior=, databaseEnabled=false, handlesAlerts=true, version=61.0.3163.100, browserConnectionEnabled=false, nativeEvents=true, locationContextEnabled=true, cssSelectorsEnabled=true}]
Session ID: 2316ebb1229e6f173f8b1601ec051b9b
*** Element info: {Using=xpath, value=.//option[contains(., "driver's")]} 
2017-10-23 19:33:59,336 INFO  [Log] Taking Screenshot 
2017-10-23 19:33:59,380 INFO  [Log] Closing the browser 
2017-10-23 19:33:59,632 INFO  [Log] XXXXXXXXXXXXXXXXXXXXXXX             -E---N---D-             XXXXXXXXXXXXXXXXXXXXXX 
2017-10-23 19:33:59,632 INFO  [Log] X 
2017-10-23 19:33:59,632 INFO  [Log] X 
2017-10-23 19:33:59,632 INFO  [Log] X 
2017-10-23 19:33:59,632 INFO  [Log] X 
2017-10-23 19:41:26,213 INFO  [Log] **************************************************************************************** 
2017-10-23 19:41:26,213 INFO  [Log] **************************************************************************************** 
2017-10-23 19:41:26,213 INFO  [Log] $$$$$$$$$$$$$$$$$$$$$                 Login_01       $$$$$$$$$$$$$$$$$$$$$$$$$ 
2017-10-23 19:41:26,213 INFO  [Log] **************************************************************************************** 
2017-10-23 19:41:26,217 INFO  [Log] **************************************************************************************** 
2017-10-23 19:41:26,225 INFO  [Log] Opening Browser 
2017-10-23 19:41:26,225 INFO  [Log] Opening Chrome Browser 
2017-10-23 19:41:29,172 INFO  [Log] Navigating to SecondIns 
2017-10-23 19:41:31,817 INFO  [Log] Clicking on Webelement login_header 
2017-10-23 19:41:32,195 INFO  [Log] Entering the text login_input 
2017-10-23 19:41:32,514 INFO  [Log] Entering the text login_password 
2017-10-23 19:41:32,751 INFO  [Log] Clicking on Webelement login_submit 
2017-10-23 19:41:34,429 INFO  [Log] Waiting for the next element to load 
2017-10-23 19:41:36,576 INFO  [Log] Closing the browser 
2017-10-23 19:41:36,952 INFO  [Log] XXXXXXXXXXXXXXXXXXXXXXX             -E---N---D-             XXXXXXXXXXXXXXXXXXXXXX 
2017-10-23 19:41:36,952 INFO  [Log] X 
2017-10-23 19:41:36,952 INFO  [Log] X 
2017-10-23 19:41:36,952 INFO  [Log] X 
2017-10-23 19:41:36,952 INFO  [Log] X 
2017-10-23 20:06:28,795 INFO  [Log] **************************************************************************************** 
2017-10-23 20:06:28,795 INFO  [Log] **************************************************************************************** 
2017-10-23 20:06:28,795 INFO  [Log] $$$$$$$$$$$$$$$$$$$$$                 Login_01       $$$$$$$$$$$$$$$$$$$$$$$$$ 
2017-10-23 20:06:28,795 INFO  [Log] **************************************************************************************** 
2017-10-23 20:06:28,795 INFO  [Log] **************************************************************************************** 
2017-10-23 20:06:28,807 INFO  [Log] Opening Browser 
2017-10-23 20:06:28,807 INFO  [Log] Opening Chrome Browser 
2017-10-23 20:06:31,789 ERROR [Log] Class Utils | Method setCellData | Exception desc : C:\Automation_Scripts\Tagg\DataEngine.xlsx (The process cannot access the file because it is being used by another process) 
2017-10-23 20:06:31,793 ERROR [Log] Class Utils | Method setCellData | Exception desc : C:\Automation_Scripts\Tagg\DataEngine.xlsx (The process cannot access the file because it is being used by another process) 
2017-10-23 20:06:31,793 INFO  [Log] XXXXXXXXXXXXXXXXXXXXXXX             -E---N---D-             XXXXXXXXXXXXXXXXXXXXXX 
2017-10-23 20:06:31,793 INFO  [Log] X 
2017-10-23 20:06:31,793 INFO  [Log] X 
2017-10-23 20:06:31,793 INFO  [Log] X 
2017-10-23 20:06:31,793 INFO  [Log] X 
2017-10-23 20:06:57,636 INFO  [Log] **************************************************************************************** 
2017-10-23 20:06:57,636 INFO  [Log] **************************************************************************************** 
2017-10-23 20:06:57,640 INFO  [Log] $$$$$$$$$$$$$$$$$$$$$                 Login_01       $$$$$$$$$$$$$$$$$$$$$$$$$ 
2017-10-23 20:06:57,640 INFO  [Log] **************************************************************************************** 
2017-10-23 20:06:57,640 INFO  [Log] **************************************************************************************** 
2017-10-23 20:06:57,644 INFO  [Log] Opening Browser 
2017-10-23 20:06:57,644 INFO  [Log] Opening Chrome Browser 
2017-10-23 20:07:00,302 ERROR [Log] Class Utils | Method setCellData | Exception desc : C:\Automation_Scripts\Tagg\DataEngine.xlsx (The process cannot access the file because it is being used by another process) 
2017-10-23 20:07:00,302 ERROR [Log] Class Utils | Method setCellData | Exception desc : C:\Automation_Scripts\Tagg\DataEngine.xlsx (The process cannot access the file because it is being used by another process) 
2017-10-23 20:07:00,302 INFO  [Log] XXXXXXXXXXXXXXXXXXXXXXX             -E---N---D-             XXXXXXXXXXXXXXXXXXXXXX 
2017-10-23 20:07:00,302 INFO  [Log] X 
2017-10-23 20:07:00,302 INFO  [Log] X 
2017-10-23 20:07:00,302 INFO  [Log] X 
2017-10-23 20:07:00,302 INFO  [Log] X 
2017-11-15 18:52:07,454 INFO  [Log] **************************************************************************************** 
2017-11-15 18:52:07,454 INFO  [Log] **************************************************************************************** 
2017-11-15 18:52:07,454 INFO  [Log] $$$$$$$$$$$$$$$$$$$$$                 Login_01       $$$$$$$$$$$$$$$$$$$$$$$$$ 
2017-11-15 18:52:07,454 INFO  [Log] **************************************************************************************** 
2017-11-15 18:52:07,454 INFO  [Log] **************************************************************************************** 
2017-11-15 18:52:07,461 INFO  [Log] Opening Browser 
2017-11-15 18:52:07,462 INFO  [Log] Opening Chrome Browser 
2017-11-15 18:52:10,097 ERROR [Log] Class Utils | Method setCellData | Exception desc : C:\Automation_Scripts\Tagg\DataEngine.xlsx (The process cannot access the file because it is being used by another process) 
2017-11-15 18:52:10,098 ERROR [Log] Class Utils | Method setCellData | Exception desc : C:\Automation_Scripts\Tagg\DataEngine.xlsx (The process cannot access the file because it is being used by another process) 
2017-11-15 18:52:10,098 INFO  [Log] XXXXXXXXXXXXXXXXXXXXXXX             -E---N---D-             XXXXXXXXXXXXXXXXXXXXXX 
2017-11-15 18:52:10,098 INFO  [Log] X 
2017-11-15 18:52:10,098 INFO  [Log] X 
2017-11-15 18:52:10,098 INFO  [Log] X 
2017-11-15 18:52:10,098 INFO  [Log] X 
